{
  "stats": {
    "suites": 1,
    "tests": 1,
    "passes": 1,
    "pending": 0,
    "failures": 0,
    "start": "2021-04-28T01:51:26.941Z",
    "end": "2021-04-28T01:51:37.986Z",
    "duration": 11045,
    "testsRegistered": 1,
    "passPercent": 100,
    "pendingPercent": 0,
    "other": 0,
    "hasOther": false,
    "skipped": 0,
    "hasSkipped": false
  },
  "results": [
    {
      "uuid": "94db595f-5aad-47ab-830e-88312e35edc6",
      "title": "",
      "fullFile": "cypress\\integration\\myPractice\\Test1.js",
      "file": "cypress\\integration\\myPractice\\Test1.js",
      "beforeHooks": [],
      "afterHooks": [],
      "tests": [],
      "suites": [
        {
          "uuid": "cdc80042-cb91-461d-b045-c6ca3e2b8757",
          "title": "My First Suit",
          "fullFile": "",
          "file": "",
          "beforeHooks": [],
          "afterHooks": [],
          "tests": [
            {
              "title": "My First Test Case",
              "fullTitle": "My First Suit My First Test Case",
              "timedOut": null,
              "duration": 8153,
              "state": "passed",
              "speed": "slow",
              "pass": true,
              "fail": false,
              "pending": false,
              "context": null,
              "code": "cy.visit('https://unikrn.com/');\nCypress.on('uncaught:exception', function (err, runnable) {\n  // returning false here prevents Cypress from\n  // failing the test\n  return false;\n});\nit('fails to visit website 1', function () {\n  cy.visit('https://unikrn.com/'); // cy.visit('https://admin-demo.nopcommerce.com/')\n}); //cy.get(\"[type='button']\").eq(4).click() //clicking on \"START PLAYING\"\n//cy.get('[data-test=LoginSignupLoginButton] > .translation--as-html').click()\nvar login = cy.get('[type=button]');\nlogin.click; //https://github.com/cypress-io/cypress/issues/2554 issue is closed. Talk to Peere",
              "err": {},
              "uuid": "a12ff924-c009-41bb-9b96-d1a2a465f570",
              "parentUUID": "cdc80042-cb91-461d-b045-c6ca3e2b8757",
              "isHook": false,
              "skipped": false
            }
          ],
          "suites": [],
          "passes": [
            "a12ff924-c009-41bb-9b96-d1a2a465f570"
          ],
          "failures": [],
          "pending": [],
          "skipped": [],
          "duration": 8153,
          "root": false,
          "rootEmpty": false,
          "_timeout": 2000
        }
      ],
      "passes": [],
      "failures": [],
      "pending": [],
      "skipped": [],
      "duration": 0,
      "root": true,
      "rootEmpty": true,
      "_timeout": 2000
    }
  ],
  "meta": {
    "mocha": {
      "version": "7.0.1"
    },
    "mochawesome": {
      "options": {
        "quiet": false,
        "reportFilename": "mochawesome",
        "saveHtml": true,
        "saveJson": true,
        "consoleReporter": "spec",
        "useInlineDiffs": false,
        "code": true
      },
      "version": "6.2.2"
    },
    "marge": {
      "options": null,
      "version": "5.2.0"
    }
  }
}